<?xml version="1.0" encoding="UTF-8"?>
<testng-results skipped="0" failed="1" ignored="0" total="3" passed="2">
  <reporter-output>
  </reporter-output>
  <suite name="Default suite" duration-ms="6754" started-at="2017-08-21T10:30:28Z" finished-at="2017-08-21T10:30:35Z">
    <groups>
    </groups>
    <test name="Default test" duration-ms="6754" started-at="2017-08-21T10:30:28Z" finished-at="2017-08-21T10:30:35Z">
      <class name="com.restAssured.Merrill.TestCases.Token">
        <test-method status="PASS" signature="LoadPropFile()[pri:0, instance:com.restAssured.Merrill.TestCases.Token@26653222]" name="LoadPropFile" is-config="true" duration-ms="11" started-at="2017-08-21T16:00:28Z" finished-at="2017-08-21T16:00:28Z">
          <reporter-output>
          </reporter-output>
        </test-method> <!-- LoadPropFile -->
        <test-method status="PASS" signature="CheckStatus()[pri:0, instance:com.restAssured.Merrill.TestCases.Token@26653222]" name="CheckStatus" duration-ms="3660" started-at="2017-08-21T16:00:28Z" finished-at="2017-08-21T16:00:32Z">
          <reporter-output>
          </reporter-output>
        </test-method> <!-- CheckStatus -->
        <test-method status="PASS" signature="getResponse()[pri:0, instance:com.restAssured.Merrill.TestCases.Token@26653222]" name="getResponse" duration-ms="1503" started-at="2017-08-21T16:00:32Z" finished-at="2017-08-21T16:00:33Z">
          <reporter-output>
          </reporter-output>
        </test-method> <!-- getResponse -->
        <test-method status="FAIL" signature="verifyResponse()[pri:0, instance:com.restAssured.Merrill.TestCases.Token@26653222]" name="verifyResponse" duration-ms="1536" started-at="2017-08-21T16:00:33Z" finished-at="2017-08-21T16:00:35Z">
          <exception class="java.lang.ClassCastException">
            <message>
              <![CDATA[java.util.ArrayList cannot be cast to java.lang.String]]>
            </message>
            <full-stacktrace>
              <![CDATA[java.lang.ClassCastException: java.util.ArrayList cannot be cast to java.lang.String
	at com.restAssured.Merrill.resources.Keywords.verifyResponseForPut(Keywords.java:111)
	at com.restAssured.Merrill.TestCases.Token.verifyResponse(Token.java:72)
	at sun.reflect.NativeMethodAccessorImpl.invoke0(Native Method)
	at sun.reflect.NativeMethodAccessorImpl.invoke(Unknown Source)
	at sun.reflect.DelegatingMethodAccessorImpl.invoke(Unknown Source)
	at java.lang.reflect.Method.invoke(Unknown Source)
	at org.testng.internal.MethodInvocationHelper.invokeMethod(MethodInvocationHelper.java:108)
	at org.testng.internal.Invoker.invokeMethod(Invoker.java:661)
	at org.testng.internal.Invoker.invokeTestMethod(Invoker.java:869)
	at org.testng.internal.Invoker.invokeTestMethods(Invoker.java:1193)
	at org.testng.internal.TestMethodWorker.invokeTestMethods(TestMethodWorker.java:126)
	at org.testng.internal.TestMethodWorker.run(TestMethodWorker.java:109)
	at org.testng.TestRunner.privateRun(TestRunner.java:744)
	at org.testng.TestRunner.run(TestRunner.java:602)
	at org.testng.SuiteRunner.runTest(SuiteRunner.java:380)
	at org.testng.SuiteRunner.runSequentially(SuiteRunner.java:375)
	at org.testng.SuiteRunner.privateRun(SuiteRunner.java:340)
	at org.testng.SuiteRunner.run(SuiteRunner.java:289)
	at org.testng.SuiteRunnerWorker.runSuite(SuiteRunnerWorker.java:52)
	at org.testng.SuiteRunnerWorker.run(SuiteRunnerWorker.java:86)
	at org.testng.TestNG.runSuitesSequentially(TestNG.java:1301)
	at org.testng.TestNG.runSuitesLocally(TestNG.java:1226)
	at org.testng.TestNG.runSuites(TestNG.java:1144)
	at org.testng.TestNG.run(TestNG.java:1115)
	at org.testng.remote.AbstractRemoteTestNG.run(AbstractRemoteTestNG.java:132)
	at org.testng.remote.RemoteTestNG.initAndRun(RemoteTestNG.java:230)
	at org.testng.remote.RemoteTestNG.main(RemoteTestNG.java:76)
]]>
            </full-stacktrace>
          </exception> <!-- java.lang.ClassCastException -->
          <reporter-output>
          </reporter-output>
        </test-method> <!-- verifyResponse -->
      </class> <!-- com.restAssured.Merrill.TestCases.Token -->
    </test> <!-- Default test -->
  </suite> <!-- Default suite -->
</testng-results>
